<?xml version="1.0" encoding="UTF-8"?>
<!-- Generated by org.testng.reporters.JUnitReportReporter -->
<testsuite skipped="0" hostname="DESKTOP-9EP1U4O" name="test_hulu_main_page.HuluLogin" tests="1" failures="0" timestamp="30 Sep 2020 21:56:42 GMT" time="13.396" errors="0">
  <testcase name="accountLogin" time="13.396" classname="test_hulu_main_page.HuluLogin"/>
</testsuite> <!-- test_hulu_main_page.HuluLogin -->
