<?xml version="1.0" encoding="UTF-8"?>
<!-- Generated by org.testng.reporters.JUnitReportReporter -->
<testsuite hostname="DESKTOP-NJEGPLS" name="ashleyStewart.homePageTest" tests="1" failures="0" timestamp="18 Feb 2019 04:32:31 GMT" time="26.256" errors="0">
  <testcase name="loginAccount" time="26.256" classname="ashleyStewart.homePageTest"/>
</testsuite> <!-- ashleyStewart.homePageTest -->
